<?xml version="1.0" encoding="UTF-8"?>
<!-- Generated by org.testng.reporters.JUnitXMLReporter -->
<testsuite hostname="Opti-QApp" ignored="0" name="LoginTest" tests="2" failures="1" timestamp="12 Jun 2020 09:10:07 GMT" time="149.21" errors="0">
  <testcase name="LoginPE" time="20.103" classname="testcases.UDFDemo"/>
  <testcase name="addItemPE" time="128.164" classname="testcases.UDFDemo">
    <failure type="java.lang.IllegalArgumentException" message="Keys to send should be a not null CharSequence">
      <![CDATA[java.lang.IllegalArgumentException: Keys to send should be a not null CharSequence
at org.openqa.selenium.remote.RemoteWebElement.sendKeys(RemoteWebElement.java:97)
at testcases.UDFUtility.setText(UDFUtility.java:41)
at testcases.UDFDemo.addItemPE(UDFDemo.java:108)
... Removed 25 stack frames]]>
    </failure>
  </testcase> <!-- addItemPE -->
</testsuite> <!-- LoginTest -->
