<?xml version="1.0" encoding="UTF-8"?>
<!-- Generated by org.testng.reporters.JUnitXMLReporter -->
<testsuite hostname="Opti-QApp" ignored="0" name="Test" tests="2" failures="2" timestamp="02 Jun 2020 08:09:16 GMT" time="8.296" errors="0">
  <testcase name="Login" time="8.196" classname="testcases.UDFDemo">
    <failure type="java.lang.AssertionError" message="expected [true] but found [false]">
      <![CDATA[java.lang.AssertionError: expected [true] but found [false]
at testcases.UDFUtility.checkTestCase(UDFUtility.java:59)
at testcases.UDFDemo.Login(UDFDemo.java:52)
... Removed 29 stack frames]]>
    </failure>
  </testcase> <!-- Login -->
  <testcase name="searchUser" time="0.0" classname="testcases.UDFDemo">
    <failure type="org.testng.TestNGException" message="
Cannot inject @Test annotated Method [searchUser] with [class java.lang.String].
For more information on native dependency injection please refer to http://testng.org/doc/documentation-main.html#native-dependency-injection">
      <![CDATA[org.testng.TestNGException: 
Cannot inject @Test annotated Method [searchUser] with [class java.lang.String].
For more information on native dependency injection please refer to http://testng.org/doc/documentation-main.html#native-dependency-injection
... Removed 24 stack frames]]>
    </failure>
  </testcase> <!-- searchUser -->
</testsuite> <!-- Test -->
